"../../../Engine/Content/EditorBlueprintResources/StandardMacros.uasset" 0
"../../../../../Create/Projects/Unreal/Underdog_Jam/Content/Characters/bomberman_Skeleton.uasset" 1
"../../../../../Create/Projects/Unreal/Underdog_Jam/Content/Characters/Animation/idle.uasset" 2
"../../../../../Create/Projects/Unreal/Underdog_Jam/Content/Characters/Animation/run_cycle.uasset" 3
"../../../../../Create/Projects/Unreal/Underdog_Jam/Content/Characters/Animation/BS_IdleRun.uasset" 4
"../../../../../Create/Projects/Unreal/Underdog_Jam/Content/Characters/BPA_Bomber.uasset" 5
"../../../../../Create/Projects/Unreal/Underdog_Jam/Content/Bleuprints/Game/BP_AICtrl.uasset" 6
"../../../../../Create/Projects/Unreal/Underdog_Jam/Content/Characters/Belt.uasset" 7
"../../../../../Create/Projects/Unreal/Underdog_Jam/Content/Characters/Eyes.uasset" 8
"../../../../../Create/Projects/Unreal/Underdog_Jam/Content/Characters/Gold.uasset" 9
"../../../../../Create/Projects/Unreal/Underdog_Jam/Content/Characters/Pink.uasset" 10
"../../../../../Create/Projects/Unreal/Underdog_Jam/Content/Characters/Shirt.uasset" 11
"../../../../../Create/Projects/Unreal/Underdog_Jam/Content/Characters/Skin.uasset" 12
"../../../../../Create/Projects/Unreal/Underdog_Jam/Content/Characters/Suit.uasset" 13
"../../../../../Create/Projects/Unreal/Underdog_Jam/Content/Characters/bomberman_PhysicsAsset.uasset" 14
"../../../../../Create/Projects/Unreal/Underdog_Jam/Content/Characters/bomberman.uasset" 15
"../../../../../Create/Projects/Unreal/Underdog_Jam/Content/Data/TileState.uasset" 16
"../../../../../Create/Projects/Unreal/Underdog_Jam/Content/Bleuprints/Game/BP_Char.uasset" 17
"../../../../../Create/Projects/Unreal/Underdog_Jam/Content/Bleuprints/Game/BP_Instance.uasset" 18
"../../../../../Create/Projects/Unreal/Underdog_Jam/Content/Textures/P1_1.uasset" 19
"../../../../../Create/Projects/Unreal/Underdog_Jam/Content/Textures/P1_1_Mat.uasset" 20
"../../../../../Create/Projects/Unreal/Underdog_Jam/Content/Textures/P2_1.uasset" 21
"../../../../../Create/Projects/Unreal/Underdog_Jam/Content/Textures/P2_1_Mat.uasset" 22
"../../../../../Create/Projects/Unreal/Underdog_Jam/Content/Textures/P3_1.uasset" 23
"../../../../../Create/Projects/Unreal/Underdog_Jam/Content/Textures/P3_1_Mat.uasset" 24
"../../../../../Create/Projects/Unreal/Underdog_Jam/Content/Textures/P4_1.uasset" 25
"../../../../../Create/Projects/Unreal/Underdog_Jam/Content/Textures/P4_1_Mat.uasset" 26
"../../../../../Create/Projects/Unreal/Underdog_Jam/Content/Textures/P5_1.uasset" 27
"../../../../../Create/Projects/Unreal/Underdog_Jam/Content/Textures/P5_1_Mat.uasset" 28
"../../../../../Create/Projects/Unreal/Underdog_Jam/Content/Textures/P6_1.uasset" 29
"../../../../../Create/Projects/Unreal/Underdog_Jam/Content/Textures/P6_1_Mat.uasset" 30
"../../../../../Create/Projects/Unreal/Underdog_Jam/Content/Textures/P7_1.uasset" 31
"../../../../../Create/Projects/Unreal/Underdog_Jam/Content/Textures/P7_1_Mat.uasset" 32
"../../../../../Create/Projects/Unreal/Underdog_Jam/Content/Textures/P8_1.uasset" 33
"../../../../../Create/Projects/Unreal/Underdog_Jam/Content/Textures/P8_1_Mat.uasset" 34
"../../../../../Create/Projects/Unreal/Underdog_Jam/Content/Textures/P9_1.uasset" 35
"../../../../../Create/Projects/Unreal/Underdog_Jam/Content/Textures/P9_1_Mat.uasset" 36
"../../../../../Create/Projects/Unreal/Underdog_Jam/Content/StaticMeshes/Base.uasset" 37
"../../../../../Create/Projects/Unreal/Underdog_Jam/Content/StaticMeshes/Portrait.uasset" 38
"../../../../../Create/Projects/Unreal/Underdog_Jam/Content/Bleuprints/BP_Portrait.uasset" 39
"../../../../../Create/Projects/Unreal/Underdog_Jam/Content/StaticMeshes/Rod.uasset" 40
"../../../../../Create/Projects/Unreal/Underdog_Jam/Content/StaticMeshes/Tent.uasset" 41
"../../../../../Create/Projects/Unreal/Underdog_Jam/Content/StaticMeshes/TentClosefbx.uasset" 42
"../../../../../Create/Projects/Unreal/Underdog_Jam/Content/StaticMeshes/Material.uasset" 43
"../../../../../Create/Projects/Unreal/Underdog_Jam/Content/StaticMeshes/TentOpen.uasset" 44
"../../../../../Create/Projects/Unreal/Underdog_Jam/Content/Bleuprints/BP_Tent.uasset" 45
"../../../../../Create/Projects/Unreal/Underdog_Jam/Content/Data/TileChildType.uasset" 46
"../../../../../Create/Projects/Unreal/Underdog_Jam/Content/MobileStarterContent/Audio/Explosion02.uasset" 47
"../../../../../Create/Projects/Unreal/Underdog_Jam/Content/MobileStarterContent/Textures/T_Burst_M.uasset" 48
"../../../../../Create/Projects/Unreal/Underdog_Jam/Content/MobileStarterContent/Particles/Materials/M_Burst.uasset" 49
"../../../../../Create/Projects/Unreal/Underdog_Jam/Content/MobileStarterContent/Textures/T_Explosion_SubUV.uasset" 50
"../../../../../Create/Projects/Unreal/Underdog_Jam/Content/MobileStarterContent/Particles/Materials/M_explosion_subUV.uasset" 51
"../../../../../Create/Projects/Unreal/Underdog_Jam/Content/MobileStarterContent/Particles/Materials/m_flare_01.uasset" 52
"../../../Engine/Content/Functions/Engine_MaterialFunctions01/Gradient/RadialGradient.uasset" 53
"../../../../../Create/Projects/Unreal/Underdog_Jam/Content/MobileStarterContent/Particles/Materials/M_radial_ramp.uasset" 54
"../../../../../Create/Projects/Unreal/Underdog_Jam/Content/MobileStarterContent/Textures/T_Smoke_SubUV.uasset" 55
"../../../../../Create/Projects/Unreal/Underdog_Jam/Content/MobileStarterContent/Textures/T_Smoke_Tiled_D.uasset" 56
"../../../../../Create/Projects/Unreal/Underdog_Jam/Content/MobileStarterContent/Particles/Materials/M_smoke_subUV.uasset" 57
"../../../../../Create/Projects/Unreal/Underdog_Jam/Content/MobileStarterContent/Particles/P_Explosion.uasset" 58
"../../../../../Create/Projects/Unreal/Underdog_Jam/Content/StaticMeshes/BombBody.uasset" 59
"../../../../../Create/Projects/Unreal/Underdog_Jam/Content/StaticMeshes/Bomb.uasset" 60
"../../../../../Create/Projects/Unreal/Underdog_Jam/Content/Bleuprints/BP_Tile_Play.uasset" 61
"../../../../../Create/Projects/Unreal/Underdog_Jam/Content/Bleuprints/Game/Actors/BP_Sun.uasset" 62
"../../../../../Create/Projects/Unreal/Underdog_Jam/Content/Bleuprints/Game/BP_GM.uasset" 63
"../../../../../Create/Projects/Unreal/Underdog_Jam/Content/UI/HUD.uasset" 64
"../../../../../Create/Projects/Unreal/Underdog_Jam/Content/Textures/P1.uasset" 65
"../../../../../Create/Projects/Unreal/Underdog_Jam/Content/Textures/P2.uasset" 66
"../../../../../Create/Projects/Unreal/Underdog_Jam/Content/Textures/P3.uasset" 67
"../../../../../Create/Projects/Unreal/Underdog_Jam/Content/Textures/P4.uasset" 68
"../../../../../Create/Projects/Unreal/Underdog_Jam/Content/Textures/P5.uasset" 69
"../../../../../Create/Projects/Unreal/Underdog_Jam/Content/Textures/P6.uasset" 70
"../../../../../Create/Projects/Unreal/Underdog_Jam/Content/Textures/P7.uasset" 71
"../../../../../Create/Projects/Unreal/Underdog_Jam/Content/Textures/P8.uasset" 72
"../../../../../Create/Projects/Unreal/Underdog_Jam/Content/Textures/P9.uasset" 73
"../../../../../Create/Projects/Unreal/Underdog_Jam/Content/UI/WB_Dream.uasset" 74
"../../../../../Create/Projects/Unreal/Underdog_Jam/Content/Bleuprints/Game/BP_PlaterCtrl.uasset" 75
"../../../../../Create/Projects/Unreal/Underdog_Jam/Content/StaticMeshes/Top.uasset" 76
"../../../../../Create/Projects/Unreal/Underdog_Jam/Content/StaticMeshes/Top1.uasset" 77
"../../../../../Create/Projects/Unreal/Underdog_Jam/Content/StaticMeshes/Top2.uasset" 78
"../../../../../Create/Projects/Unreal/Underdog_Jam/Content/StaticMeshes/Border.uasset" 79
"../../../../../Create/Projects/Unreal/Underdog_Jam/Content/StaticMeshes/Tile2.uasset" 80
"../../../../../Create/Projects/Unreal/Underdog_Jam/Content/Bleuprints/BP_Tile.uasset" 81
"../../../../../Create/Projects/Unreal/Underdog_Jam/Content/Bleuprints/BP_TileBase.uasset" 82
"../../../../../Create/Projects/Unreal/Underdog_Jam/Content/Bleuprints/BP_Tile_Room.uasset" 83
"../../../../../Create/Projects/Unreal/Underdog_Jam/Content/Bleuprints/BP_TileBase_Room.uasset" 84
"../../../../../Create/Projects/Unreal/Underdog_Jam/Content/Bleuprints/BP_Tile_PlayHelp.uasset" 85
"../../../../../Create/Projects/Unreal/Underdog_Jam/Content/Bleuprints/BP_Tile_Play1.uasset" 86
"../../../../../Create/Projects/Unreal/Underdog_Jam/Content/Bleuprints/Game/BP_Camera.uasset" 87
"../../../../../Create/Projects/Unreal/Underdog_Jam/Content/Bleuprints/Game/Bp_CtrlDream.uasset" 88
"../../../../../Create/Projects/Unreal/Underdog_Jam/Content/Characters/bomberman_Skeleton_PoseAsset.uasset" 89
"../../../../../Create/Projects/Unreal/Underdog_Jam/Content/Fonts/segoeui.uasset" 90
"../../../../../Create/Projects/Unreal/Underdog_Jam/Content/Fonts/segoeuib.uasset" 91
"../../../../../Create/Projects/Unreal/Underdog_Jam/Content/Fonts/seguibl.uasset" 92
"../../../../../Create/Projects/Unreal/Underdog_Jam/Content/Fonts/seguisb.uasset" 93
"../../../../../Create/Projects/Unreal/Underdog_Jam/Content/Materials/M_SkySphere.uasset" 94
"../../../../../Create/Projects/Unreal/Underdog_Jam/Content/MobileStarterContent/Audio/Explosion01.uasset" 95
"../../../../../Create/Projects/Unreal/Underdog_Jam/Content/StaticMeshes/Fuse.uasset" 96
"../../../Engine/Content/Functions/Engine_MaterialFunctions01/Opacity/CameraDepthFade.uasset" 97
"../../../Engine/Content/EngineMaterials/T_Default_Material_Grid_M.uasset" 98
"../../../Engine/Content/EngineMaterials/T_Default_Material_Grid_N.uasset" 99
"../../../Engine/Content/EngineMaterials/WorldGridMaterial.uasset" 100
"../../../../../Create/Projects/Unreal/Underdog_Jam/Content/StaticMeshes/House.uasset" 101
"../../../../../Create/Projects/Unreal/Underdog_Jam/Content/StaticMeshes/Portrait1.uasset" 102
"../../../../../Create/Projects/Unreal/Underdog_Jam/Content/StaticMeshes/Bed.uasset" 103
"../../../../../Create/Projects/Unreal/Underdog_Jam/Content/StaticMeshes/Floor.uasset" 104
"../../../../../Create/Projects/Unreal/Underdog_Jam/Content/StaticMeshes/Walls.uasset" 105
"../../../../../Create/Projects/Unreal/Underdog_Jam/Content/StaticMeshes/Room.uasset" 106
"../../../../../Create/Projects/Unreal/Underdog_Jam/Content/StaticMeshes/Sphere.uasset" 107
"../../../../../Create/Projects/Unreal/Underdog_Jam/Content/StaticMeshes/Bottom.uasset" 108
"../../../../../Create/Projects/Unreal/Underdog_Jam/Content/StaticMeshes/Tile.uasset" 109
"../../../Engine/Content/Animation/DefaultAnimBoneCompressionSettings.uasset" 110
"../../../Engine/Content/Animation/DefaultAnimCurveCompressionSettings.uasset" 111
"../../../Engine/Content/ArtTools/RenderToTexture/Meshes/S_1_Unit_Plane.uasset" 112
"../../../Engine/Content/EngineMaterials/DefaultMaterial.uasset" 113
"../../../Engine/Content/BasicShapes/Cone.uasset" 114
"../../../Engine/Content/BasicShapes/Cube.uasset" 115
"../../../Engine/Content/BasicShapes/Cylinder.uasset" 116
"../../../Engine/Content/BasicShapes/Plane.uasset" 117
"../../../Engine/Content/BasicShapes/Sphere.uasset" 118
"../../../Engine/Content/EditorLandscapeResources/DataLayer.uasset" 119
"../../../Engine/Content/EditorMaterials/MAT_Groups_Toggle.uasset" 120
"../../../Engine/Content/EditorMaterials/MAT_Groups_Visibility.uasset" 121
"../../../Engine/Content/EditorMaterials/PreviewShadowIndicator.uasset" 122
"../../../Engine/Content/EditorMaterials/PreviewShadowIndicatorMaterial.uasset" 123
"../../../Engine/Content/EditorMaterials/MatineeGroups/MAT_ColorTrack.uasset" 124
"../../../Engine/Content/EditorMaterials/MatineeGroups/MAT_Groups_Anim.uasset" 125
"../../../Engine/Content/EditorMaterials/MatineeGroups/MAT_Groups_AudioMaster.uasset" 126
"../../../Engine/Content/EditorMaterials/MatineeGroups/MAT_Groups_Director.uasset" 127
"../../../Engine/Content/EditorMaterials/MatineeGroups/MAT_Groups_Event.uasset" 128
"../../../Engine/Content/EditorMaterials/MatineeGroups/MAT_Groups_Fade.uasset" 129
"../../../Engine/Content/EditorMaterials/MatineeGroups/MAT_Groups_Float.uasset" 130
"../../../Engine/Content/EditorMaterials/MatineeGroups/MAT_Groups_Move.uasset" 131
"../../../Engine/Content/EditorMaterials/MatineeGroups/MAT_Groups_Slomo.uasset" 132
"../../../Engine/Content/EditorMaterials/MatineeGroups/MAT_Groups_Sound.uasset" 133
"../../../Engine/Content/EditorMaterials/MatineeGroups/MAT_Groups_Vector.uasset" 134
"../../../Engine/Content/EditorMaterials/ParticleSystems/PSysThumbnail_NoImage.uasset" 135
"../../../Engine/Content/EditorMaterials/ParticleSystems/PSysThumbnail_OOD.uasset" 136
"../../../Engine/Content/EditorMaterials/Camera/CineMat.uasset" 137
"../../../Engine/Content/EditorMaterials/Camera/MI_CineMat_Rig.uasset" 138
"../../../Engine/Content/EditorMeshes/Camera/SM_CraneRig_Arm.uasset" 139
"../../../Engine/Content/EditorMeshes/Camera/SM_CraneRig_Base.uasset" 140
"../../../Engine/Content/EditorMeshes/Camera/SM_CraneRig_Body.uasset" 141
"../../../Engine/Content/EditorMeshes/Camera/SM_CraneRig_Mount.uasset" 142
"../../../Engine/Content/EditorMeshes/Camera/SM_RailRig_Mount.uasset" 143
"../../../Engine/Content/EditorMeshes/Camera/SM_RailRig_Track.uasset" 144
"../../../Engine/Content/EditorResources/BSPVertex.uasset" 145
"../../../Engine/Content/EditorResources/EmptyActor.uasset" 146
"../../../Engine/Content/EditorResources/S_Actor.uasset" 147
"../../../Engine/Content/EditorResources/S_Note.uasset" 148
"../../../Engine/Content/EditorResources/S_Solver.uasset" 149
"../../../Engine/Content/EditorResources/S_Trigger.uasset" 150
"../../../Engine/Content/EditorResources/SequenceRecorder/Countdown.uasset" 151
"../../../Engine/Content/EditorResources/SequenceRecorder/RecordingIndicator.uasset" 152
"../../../Engine/Content/EditorSounds/Notifications/CompileFailed.uasset" 153
"../../../Engine/Content/EditorSounds/Notifications/CompileFailed_Cue.uasset" 154
"../../../Engine/Content/EditorSounds/Notifications/CompileSuccess.uasset" 155
"../../../Engine/Content/EditorSounds/Notifications/CompileStart_Cue.uasset" 156
"../../../Engine/Content/EditorSounds/Notifications/CompileSuccess_Cue.uasset" 157
"../../../Engine/Content/EngineDamageTypes/DmgTypeBP_Environmental.uasset" 158
"../../../Engine/Content/EngineDebugMaterials/DebugEditorMaterial.uasset" 159
"../../../Engine/Content/EngineDebugMaterials/DebugMeshMaterial.uasset" 160
"../../../Engine/Content/EngineDebugMaterials/M_SimpleUnlitTranslucent.uasset" 161
"../../../Engine/Content/Functions/Engine_MaterialFunctions02/Utility/CameraDirectionVector.uasset" 162
"../../../Engine/Content/EngineDebugMaterials/VolumeToRender.uasset" 163
"../../../Engine/Content/EngineDebugMaterials/M_VolumeRenderSphereTracePP.uasset" 164
"../../../Engine/Content/EngineDebugMaterials/WireframeMaterial.uasset" 165
"../../../Engine/Content/EngineFonts/Faces/DroidSansFallback.uasset" 166
"../../../Engine/Content/EngineFonts/Faces/RobotoBold.uasset" 167
"../../../Engine/Content/EngineFonts/Faces/RobotoBoldItalic.uasset" 168
"../../../Engine/Content/EngineFonts/Faces/RobotoItalic.uasset" 169
"../../../Engine/Content/EngineFonts/Faces/RobotoLight.uasset" 170
"../../../Engine/Content/EngineFonts/Faces/RobotoRegular.uasset" 171
"../../../Engine/Content/EngineFonts/Roboto.uasset" 172
"../../../Engine/Content/EngineMaterials/BaseFlattenDiffuseMap.uasset" 173
"../../../Engine/Content/EngineMaterials/BaseFlattenEmissiveMap.uasset" 174
"../../../Engine/Content/EngineMaterials/BaseFlattenGrayscaleMap.uasset" 175
"../../../Engine/Content/EngineMaterials/BaseFlattenNormalMap.uasset" 176
"../../../Engine/Content/EngineMaterials/BaseFlattenMaterial.uasset" 177
"../../../Engine/Content/EngineMaterials/BlueNoise.uasset" 178
"../../../Engine/Content/EngineMaterials/DefaultBloomKernel.uasset" 179
"../../../Engine/Content/EngineMaterials/DefaultBokeh.uasset" 180
"../../../Engine/Content/EngineMaterials/DefaultDiffuse.uasset" 181
"../../../Engine/Content/EngineMaterials/DefaultDeferredDecalMaterial.uasset" 182
"../../../Engine/Content/EngineMaterials/DefaultLightFunctionMaterial.uasset" 183
"../../../Engine/Content/EngineMaterials/DefaultPhysicalMaterial.uasset" 184
"../../../Engine/Content/Functions/Engine_MaterialFunctions02/Utility/BreakOutFloat2Components.uasset" 185
"../../../Engine/Content/EngineMaterials/DefaultPostProcessMaterial.uasset" 186
"../../../Engine/Content/EngineFonts/RobotoDistanceField.uasset" 187
"../../../Engine/Content/EngineMaterials/DefaultTextMaterialOpaque.uasset" 188
"../../../Engine/Content/EngineMaterials/DefaultWhiteGrid.uasset" 189
"../../../Engine/Content/EngineMaterials/DefaultWhiteGrid_Low.uasset" 190
"../../../Engine/Content/EngineMaterials/EmissiveMeshMaterial.uasset" 191
"../../../Engine/Content/EngineMaterials/GizmoMaterial.uasset" 192
"../../../Engine/Content/EngineMaterials/Good64x64TilingNoiseHighFreq.uasset" 193
"../../../Engine/Content/EngineMaterials/MiniFont.uasset" 194
"../../../Engine/Content/EngineMaterials/InvalidLightmapSettings.uasset" 195
"../../../Engine/Content/EngineMaterials/M_InvalidLightmapSettings.uasset" 196
"../../../Engine/Content/Functions/Engine_MaterialFunctions02/WorldPositionOffset/CameraOffset.uasset" 197
"../../../Engine/Content/EngineMaterials/PhAT_JointLimitMaterial.uasset" 198
"../../../Engine/Content/EngineMaterials/PreintegratedSkinBRDF.uasset" 199
"../../../Engine/Content/EngineMaterials/RemoveSurfaceMaterial.uasset" 200
"../../../Engine/Content/EngineMaterials/WeightMapPlaceholderTexture.uasset" 201
"../../../Engine/Content/EngineResources/WhiteSquareTexture.uasset" 202
"../../../Engine/Content/EngineMaterials/Widget3DPassThrough.uasset" 203
"../../../Engine/Content/EngineMaterials/Widget3DPassThrough_Masked.uasset" 204
"../../../Engine/Content/EngineMaterials/Widget3DPassThrough_Opaque.uasset" 205
"../../../Engine/Content/EngineMaterials/Widget3DPassThrough_Masked_OneSided.uasset" 206
"../../../Engine/Content/EngineMaterials/Widget3DPassThrough_Opaque_OneSided.uasset" 207
"../../../Engine/Content/EngineMaterials/Widget3DPassThrough_Translucent.uasset" 208
"../../../Engine/Content/EngineMaterials/Widget3DPassThrough_Translucent_OneSided.uasset" 209
"../../../Engine/Content/EngineMeshes/Cylinder.uasset" 210
"../../../Engine/Content/EngineMeshes/Sphere.uasset" 211
"../../../Engine/Content/EngineResources/Black.uasset" 212
"../../../Engine/Content/EngineResources/DefaultTexture.uasset" 213
"../../../Engine/Content/EngineResources/DefaultTextureCube.uasset" 214
"../../../Engine/Content/EngineResources/DefaultVolumeTexture2D.uasset" 215
"../../../Engine/Content/EngineResources/DefaultVolumeTexture.uasset" 216
"../../../Engine/Content/EngineResources/GradientTexture0.uasset" 217
"../../../Engine/Content/EngineSounds/Master.uasset" 218
"../../../Engine/Content/Functions/Engine_MaterialFunctions01/Shading/ConvertFromDiffSpec.uasset" 219
"../../../Engine/Content/Functions/Engine_MaterialFunctions01/Shading/PowerToRoughness.uasset" 220
"../../../Engine/Content/Maps/Templates/Thumbnails/Default.uasset" 221
"../../../Engine/Content/Maps/Templates/Thumbnails/TimeOfDay.uasset" 222
"../../../Engine/Content/Maps/Templates/Thumbnails/VR-Basic.uasset" 223
"../../../Engine/Content/MobileResources/T_MobileControls_texture.uasset" 224
"../../../Engine/Content/MobileResources/T_MobileMenu2.uasset" 225
"../../../Engine/Content/MobileResources/HUD/AnalogHat.uasset" 226
"../../../Engine/Content/MobileResources/HUD/VirtualJoystick_Background.uasset" 227
"../../../Engine/Content/MobileResources/HUD/VirtualJoystick_Thumb.uasset" 228
"../../../Engine/Content/MobileResources/HUD/DefaultVirtualJoysticks.uasset" 229
"../../../Engine/Content/MobileResources/HUD/LeftVirtualJoystickOnly.uasset" 230
"../../../Engine/Content/MobileResources/HUD/MobileHUDButton1_off.uasset" 231
"../../../Engine/Content/MobileResources/HUD/MobileHUDButton1_on.uasset" 232
"../../../Engine/Content/MobileResources/HUD/MobileHUDButton2_off.uasset" 233
"../../../Engine/Content/MobileResources/HUD/MobileHUDButton2_on.uasset" 234
"../../../Engine/Content/MobileResources/HUD/MobileHUDButton3.uasset" 235
"../../../Engine/Content/MobileResources/HUD/MobileHUDButtonFire.uasset" 236
"../../../Engine/Content/MobileResources/HUD/MobileHUDDirectionPad.uasset" 237
"../../../Engine/Content/MobileResources/HUD/MobileHUDDirectionPad2.uasset" 238
"../../../Engine/Content/MobileResources/HUD/MobileHUDDirectionPad3.uasset" 239
"../../../Engine/Content/MobileResources/HUD/MobileHUDDirectionStick.uasset" 240
"../../../Engine/Content/MobileResources/HUD/T_Castle_ThumbstickInner.uasset" 241
"../../../Engine/Content/MobileResources/HUD/T_Castle_ThumbstickOutter.uasset" 242
"../../../Engine/Content/Tutorial/ContentIntroCurve.uasset" 243
"../../../Engine/Content/Tutorial/Basics/LevelEditorAttract.uasset" 244
"../../../Engine/Content/Tutorial/Basics/TutorialAssets/icon_tab_Levels_40x.uasset" 245
"../../../Engine/Content/Tutorial/Basics/LevelEditorOverview.uasset" 246
"../../../Engine/Content/Tutorial/BlueprintTutorials/TutorialAssets/Blueprint_64x.uasset" 247
"../../../Engine/Content/Tutorial/BlueprintTutorials/BlueprintEditorTutorial.uasset" 248
"../../../Engine/Content/Tutorial/SubEditors/GettingSubstance.uasset" 249
"../../../Engine/Content/VREditor/LaserPointer/VR_LaserPower_01.uasset" 250
"../../../Engine/Content/VREditor/TransformGizmo/TransformGizmoMaterial.uasset" 251
"../../../Engine/Content/VREditor/TransformGizmo/TranslucentTransformGizmoMaterial.uasset" 252
"../../../Engine/Content/VREditor/TransformGizmo/BoundingBoxCorner.uasset" 253
"../../../Engine/Content/VREditor/TransformGizmo/BoundingBoxEdge.uasset" 254
"../../../Engine/Content/VREditor/TransformGizmo/PlaneTranslationHandle.uasset" 255
"../../../Engine/Content/VREditor/TransformGizmo/Main.uasset" 256
"../../../Engine/Content/VREditor/TransformGizmo/Xray.uasset" 257
"../../../Engine/Content/VREditor/TransformGizmo/SM_Sequencer_Key.uasset" 258
"../../../Engine/Content/VREditor/TransformGizmo/SM_Sequencer_Node.uasset" 259
"../../Plugins/2D/Paper2D/Content/PlaceholderTextures/DummySpriteTexture.uasset" 260
"../../Plugins/2D/Paper2D/Content/DummySprite.uasset" 261
"../../Plugins/2D/Paper2D/Content/DefaultPaperTerrainMaterial.uasset" 262
"../../Plugins/2D/Paper2D/Content/DefaultSpriteMaterial.uasset" 263
"../../Plugins/2D/Paper2D/Content/MaskedUnlitSpriteMaterial.uasset" 264
"../../Plugins/2D/Paper2D/Content/OpaqueUnlitSpriteMaterial.uasset" 265
"../../Plugins/FX/Niagara/Content/Enums/ENiagaraBooleanLogicOps.uasset" 266
"../../Plugins/FX/Niagara/Content/Enums/ENiagaraCoordinateSpace.uasset" 267
"../../Plugins/FX/Niagara/Content/Enums/ENiagaraExpansionMode.uasset" 268
"../../Plugins/FX/Niagara/Content/Enums/ENiagaraOrientationAxis.uasset" 269
"../../Plugins/FX/Niagara/Content/Enums/ENiagaraRandomnessMode.uasset" 270
"../../../Engine/Content/Functions/Engine_MaterialFunctions02/Utility/BreakOutFloat4Components.uasset" 271
"../../../Engine/Content/Functions/Engine_MaterialFunctions02/Utility/MakeFloat2.uasset" 272
"../../../Engine/Content/Functions/Engine_MaterialFunctions02/Utility/MakeFloat3.uasset" 273
"../../Plugins/Runtime/Oculus/OculusVR/Content/Materials/OculusMR_ChromaKey.uasset" 274
"../../Plugins/Runtime/Oculus/OculusVR/Content/Materials/OculusMR_ChromaKey_Lit.uasset" 275
"../../Plugins/Runtime/Oculus/OculusVR/Content/Materials/OculusMR_OpaqueColoredMaterial.uasset" 276
"../../Plugins/Runtime/Oculus/OculusVR/Content/Materials/OculusMR_WhiteMaterial.uasset" 277
"../../../../../Create/Projects/Unreal/Underdog_Jam/Content/UI/Screen01.uasset" 278
"../../../../../Create/Projects/Unreal/Underdog_Jam/Content/Bleuprints/Game/BP_CtrlMainMenu.uasset" 279
"../../../../../Create/Projects/Unreal/Underdog_Jam/Content/Bleuprints/Game/BP_GM_Start.uasset" 280
"../../../../../Create/Projects/Unreal/Underdog_Jam/Content/Maps/MainMenu.umap" 281
"../../../../../Create/Projects/Unreal/Underdog_Jam/Content/StaticMeshes/Room2.uasset" 282
"../../../../../Create/Projects/Unreal/Underdog_Jam/Content/Bleuprints/BP_Room.uasset" 283
"../../../../../Create/Projects/Unreal/Underdog_Jam/Content/Characters/bomberman_slppe.uasset" 284
"../../../../../Create/Projects/Unreal/Underdog_Jam/Content/Bleuprints/Game/BP_sleep.uasset" 285
"../../../../../Create/Projects/Unreal/Underdog_Jam/Content/Maps/MapMain_BuiltData.uasset" 286
"../../../../../Create/Projects/Unreal/Underdog_Jam/Content/Maps/MapMain.umap" 287
"../../../Engine/Content/Maps/Entry_BuiltData.uasset" 288
"../../../Engine/Content/Maps/Entry.umap" 289
